       Fresh unicode-ident v1.0.18
       Fresh autocfg v1.4.0
       Fresh cfg-if v1.0.0
       Fresh bytes v1.10.1
       Fresh smallvec v1.15.0
       Fresh pin-project-lite v0.2.16
       Fresh proc-macro2 v1.0.95
       Fresh itoa v1.0.15
       Fresh fnv v1.0.7
       Fresh futures-core v0.3.31
       Fresh scopeguard v1.2.0
       Fresh quote v1.0.40
       Fresh libc v0.2.172
       Fresh once_cell v1.21.3
       Fresh log v0.4.27
       Fresh stable_deref_trait v1.2.0
       Fresh syn v2.0.101
       Fresh lock_api v0.4.12
       Fresh parking_lot_core v0.9.10
       Fresh socket2 v0.5.9
       Fresh mio v1.0.3
       Fresh signal-hook-registry v1.4.5
       Fresh tracing-core v0.1.33
       Fresh synstructure v0.13.2
       Fresh parking_lot v0.12.3
       Fresh zerovec-derive v0.10.3
       Fresh tokio-macros v2.5.0
       Fresh tracing-attributes v0.1.28
       Fresh displaydoc v0.2.5
       Fresh serde_derive v1.0.219
       Fresh zerofrom-derive v0.1.6
       Fresh yoke-derive v0.7.5
       Fresh tokio v1.45.0
       Fresh tracing v0.1.41
       Fresh http v1.3.1
       Fresh pin-utils v0.1.0
       Fresh memchr v2.7.4
       Fresh zerofrom v0.1.6
       Fresh futures-task v0.3.31
       Fresh version_check v0.9.5
       Fresh serde v1.0.219
       Fresh typenum v1.18.0
       Fresh getrandom v0.2.16
       Fresh litemap v0.7.5
       Fresh yoke v0.7.5
       Fresh futures-util v0.3.31
       Fresh writeable v0.5.5
       Fresh hashbrown v0.15.3
       Fresh tower-service v0.3.3
       Fresh equivalent v1.0.2
       Fresh zerovec v0.10.4
       Fresh bitflags v2.9.0
       Fresh core-foundation-sys v0.8.7
       Fresh indexmap v2.9.0
       Fresh rand_core v0.6.4
       Fresh tinystr v0.7.6
       Fresh icu_provider_macros v1.5.0
       Fresh try-lock v0.2.5
       Fresh icu_locid v1.5.0
       Fresh want v0.3.1
       Fresh httparse v1.10.1
       Fresh icu_provider v1.5.0
       Fresh generic-array v0.14.7
       Fresh icu_locid_transform_data v1.5.1
       Fresh http-body v1.0.1
       Fresh futures-channel v0.3.31
       Fresh subtle v2.6.1
       Fresh httpdate v1.0.3
       Fresh futures-sink v0.3.31
       Fresh tap v1.0.1
       Fresh icu_locid_transform v1.5.0
       Fresh tokio-util v0.7.15
       Fresh slab v0.4.9
       Fresh wyz v0.5.1
       Fresh num-traits v0.2.19
       Fresh radium v0.7.0
       Fresh icu_properties_data v1.5.1
       Fresh crossbeam-utils v0.8.21
       Fresh core-foundation v0.9.4
       Fresh icu_collections v1.5.0
       Fresh errno v0.3.11
       Fresh funty v2.0.0
       Fresh atomic-waker v1.1.2
       Fresh semver v1.0.26
       Fresh icu_normalizer_data v1.5.1
       Fresh bitvec v1.0.1
       Fresh icu_properties v1.5.1
       Fresh h2 v0.4.10
       Fresh rustix v1.0.7
       Fresh getrandom v0.3.2
       Fresh block-buffer v0.10.4
       Fresh crypto-common v0.1.6
       Fresh security-framework-sys v2.14.0
       Fresh fastrand v2.3.0
       Fresh utf16_iter v1.0.5
       Fresh percent-encoding v2.3.1
       Fresh write16 v1.0.0
       Fresh utf8_iter v1.0.4
       Fresh tower-layer v0.3.3
       Fresh utf8parse v0.2.2
       Fresh tempfile v3.19.1
       Fresh form_urlencoded v1.2.1
       Fresh icu_normalizer v1.5.0
       Fresh hyper v1.6.0
       Fresh security-framework v2.11.1
       Fresh anstyle-parse v0.2.6
       Fresh digest v0.10.7
       Fresh ff v0.13.1
       Fresh rustc_version v0.4.1
       Fresh crossbeam-epoch v0.9.18
       Fresh http-body-util v0.1.3
       Fresh aho-corasick v1.1.3
       Fresh cpufeatures v0.2.17
       Fresh sync_wrapper v1.0.2
       Fresh regex-syntax v0.8.5
       Fresh ryu v1.0.20
       Fresh anstyle v1.0.10
       Fresh bytemuck v1.23.0
       Fresh colorchoice v1.0.3
       Fresh is_terminal_polyfill v1.70.1
       Fresh anstyle-query v1.1.2
       Fresh anstream v0.6.18
       Fresh safe_arch v0.7.4
       Fresh regex-automata v0.4.9
       Fresh group v0.13.0
       Fresh crossbeam-deque v0.8.6
       Fresh zerocopy v0.8.25
       Fresh hyper-util v0.1.11
       Fresh native-tls v0.2.14
       Fresh idna_adapter v1.2.0
       Fresh thiserror-impl v1.0.69
       Fresh http v0.2.12
       Fresh lazy_static v1.5.0
       Fresh mime v0.3.17
       Fresh ppv-lite86 v0.2.21
       Fresh pairing v0.23.0
       Fresh thiserror v1.0.69
       Fresh http-body v0.4.6
       Fresh idna v1.0.3
       Fresh rayon-core v1.12.1
       Fresh protobuf v2.28.0
       Fresh tokio-native-tls v0.3.1
       Fresh serde_json v1.0.140
       Fresh regex v1.11.1
       Fresh wide v0.7.32
       Fresh rustversion v1.0.20
       Fresh paste v1.0.15
       Fresh system-configuration-sys v0.6.0
       Fresh serde_urlencoded v0.7.1
       Fresh tower v0.5.2
       Fresh num-integer v0.1.46
       Fresh approx v0.5.1
       Fresh num-complex v0.4.6
       Fresh toml_datetime v0.6.9
       Fresh serde_spanned v0.6.8
       Fresh async-trait v0.1.88
       Fresh arrayref v0.3.9
       Fresh arrayvec v0.7.6
       Fresh either v1.15.0
       Fresh clap_lex v0.7.4
       Fresh heck v0.5.0
       Fresh rustls-pki-types v1.11.0
       Fresh rawpointer v0.2.1
       Fresh zeroize v1.8.1
       Fresh signature v2.2.0
       Fresh strsim v0.11.1
       Fresh constant_time_eq v0.3.1
       Fresh toml_write v0.1.1
       Fresh winnow v0.7.10
       Fresh curve25519-dalek v4.1.3
       Fresh matrixmultiply v0.3.9
       Fresh clap_derive v4.5.32
       Fresh toml_edit v0.22.26
       Fresh blake2s_simd v1.0.3
       Fresh clap_builder v4.5.37
       Fresh ed25519 v2.2.3
       Fresh rayon v1.10.0
       Fresh rustls-pemfile v2.2.0
       Fresh axum-core v0.4.5
       Fresh simba v0.8.1
       Fresh num-rational v0.4.2
       Fresh hyper-tls v0.6.0
       Fresh env_filter v0.1.3
       Fresh system-configuration v0.6.1
       Fresh hyper v0.14.32
       Fresh url v2.5.4
       Fresh prometheus v0.13.4
       Fresh rand_chacha v0.3.1
       Fresh sha2 v0.10.9
       Fresh keccak v0.1.5
       Fresh crossbeam-channel v0.5.15
       Fresh serde_path_to_error v0.1.17
       Fresh axum-macros v0.4.2
       Fresh nalgebra-macros v0.2.2
       Fresh num_cpus v1.16.0
       Fresh encoding_rs v0.8.35
       Fresh jiff v0.2.13
       Fresh base64 v0.22.1
       Fresh ipnet v2.11.0
       Fresh byteorder v1.5.0
       Fresh matchit v0.7.3
       Fresh ed25519-dalek v2.1.1
       Fresh sha3 v0.10.8
       Fresh env_logger v0.11.8
       Fresh axum v0.7.9
       Fresh reqwest v0.12.15
       Fresh bellman v0.14.0
       Fresh nalgebra v0.32.6
       Fresh rand v0.8.5
       Fresh prometheus-hyper v0.1.5
       Fresh clap v4.5.37
       Fresh toml v0.8.22
       Fresh anyhow v1.0.98
       Fresh bls12_381 v0.8.0
       Fresh tower-http v0.6.2
       Fresh hex v0.4.3
       Fresh hyperdag v0.1.0 (/Users/trevor/hyperchain)
    Finished `release` profile [optimized] target(s) in 0.36s
